<!DOCTYPE log4j:configuration SYSTEM "log4j.dtd">
<log4j:configuration xmlns:log4j='http://jakarta.apache.org/log4j/'>

    <appender name="rootAppender" class="org.apache.log4j.DailyRollingFileAppender">
        <param name="File" value="/home/admin/logs/root.log"/>
        <param name="append" value="true"/>
        <param name="DatePattern" value="'.'yyyy-MM-dd'.log'"/>
        <layout class="org.apache.log4j.PatternLayout">
            <param name="ConversionPattern" value="%d{yyyy-MM-dd HH:mm:ss},%p,%c{1},%m%n"/>
        </layout>
    </appender>
	
    <logger name="com.bhsc.http.test" additivity="false">
        <level value="INFO"/>
        <appender-ref ref="rootAppender"/>
    </logger>
    
    <root>
        <level value="INFO"/>
        <appender-ref ref="rootAppender"/>
    </root>

</log4j:configuration>
